<?xml version="1.0" encoding="UTF-8"?>
<!-- Generated by org.testng.reporters.JUnitXMLReporter -->
<testsuite ignored="2" hostname="DESKTOP-URS4PTS" failures="0" tests="2" name="Test" time="184.771" errors="0" timestamp="2025-06-26T21:02:19 IST">
  <testcase classname="ninzaCRM.ContactTests.CreateContactsWithCampaignTest" name="createContactsWithCampaign" time="30.683"/>
  <testcase classname="ninzaCRM.QuoteTests.CreateQuoteWithContactOppProductTest" name="createQuote" time="120.763"/>
  <testcase classname="ninzaCRM.GenericUtilities.BaseClass" name="@BeforeSuite bsConfig" time="0.0">
    <ignored/>
  </testcase> <!-- @BeforeSuite bsConfig -->
  <testcase classname="ninzaCRM.GenericUtilities.BaseClass" name="@AfterSuite asConfig" time="0.0">
    <ignored/>
  </testcase> <!-- @AfterSuite asConfig -->
</testsuite> <!-- Test -->
