<?xml version="1.0" encoding="UTF-8"?>
<testng-results ignored="0" total="2" passed="2" failed="0" skipped="0">
  <reporter-output>
  </reporter-output>
  <suite started-at="2025-06-26T20:59:13 IST" name="Suite" finished-at="2025-06-26T21:02:18 IST" duration-ms="184771">
    <groups>
    </groups>
    <test started-at="2025-06-26T20:59:13 IST" name="Test" finished-at="2025-06-26T21:02:18 IST" duration-ms="184771">
      <class name="ninzaCRM.QuoteTests.CreateQuoteWithContactOppProductTest">
        <test-method is-config="true" signature="bcConfig()[pri:0, instance:ninzaCRM.QuoteTests.CreateQuoteWithContactOppProductTest@20d525]" started-at="2025-06-26T21:00:05 IST" name="bcConfig" finished-at="2025-06-26T21:00:11 IST" duration-ms="5497" status="PASS">
          <reporter-output>
          </reporter-output>
        </test-method> <!-- bcConfig -->
        <test-method is-config="true" signature="bmConfig()[pri:0, instance:ninzaCRM.QuoteTests.CreateQuoteWithContactOppProductTest@20d525]" started-at="2025-06-26T21:00:11 IST" name="bmConfig" finished-at="2025-06-26T21:00:12 IST" duration-ms="711" status="PASS">
          <reporter-output>
          </reporter-output>
        </test-method> <!-- bmConfig -->
        <test-method signature="createQuote()[pri:0, instance:ninzaCRM.QuoteTests.CreateQuoteWithContactOppProductTest@20d525]" started-at="2025-06-26T21:00:12 IST" name="createQuote" finished-at="2025-06-26T21:02:12 IST" duration-ms="120763" status="PASS">
          <reporter-output>
          </reporter-output>
        </test-method> <!-- createQuote -->
        <test-method is-config="true" signature="amConfig()[pri:0, instance:ninzaCRM.QuoteTests.CreateQuoteWithContactOppProductTest@20d525]" started-at="2025-06-26T21:02:12 IST" name="amConfig" finished-at="2025-06-26T21:02:18 IST" duration-ms="5388" status="PASS">
          <reporter-output>
          </reporter-output>
        </test-method> <!-- amConfig -->
        <test-method is-config="true" signature="acConfig()[pri:0, instance:ninzaCRM.QuoteTests.CreateQuoteWithContactOppProductTest@20d525]" started-at="2025-06-26T21:02:18 IST" name="acConfig" finished-at="2025-06-26T21:02:18 IST" duration-ms="377" status="PASS">
          <reporter-output>
          </reporter-output>
        </test-method> <!-- acConfig -->
      </class> <!-- ninzaCRM.QuoteTests.CreateQuoteWithContactOppProductTest -->
      <class name="ninzaCRM.ContactTests.CreateContactsWithCampaignTest">
        <test-method is-config="true" signature="bsConfig()[pri:0, instance:ninzaCRM.ContactTests.CreateContactsWithCampaignTest@38afe297]" started-at="2025-06-26T20:59:13 IST" name="bsConfig" finished-at="2025-06-26T20:59:13 IST" duration-ms="32" status="PASS">
          <reporter-output>
          </reporter-output>
        </test-method> <!-- bsConfig -->
        <test-method is-config="true" signature="bcConfig()[pri:0, instance:ninzaCRM.ContactTests.CreateContactsWithCampaignTest@38afe297]" started-at="2025-06-26T20:59:14 IST" name="bcConfig" finished-at="2025-06-26T20:59:28 IST" duration-ms="14175" status="PASS">
          <reporter-output>
          </reporter-output>
        </test-method> <!-- bcConfig -->
        <test-method is-config="true" signature="bmConfig()[pri:0, instance:ninzaCRM.ContactTests.CreateContactsWithCampaignTest@38afe297]" started-at="2025-06-26T20:59:28 IST" name="bmConfig" finished-at="2025-06-26T20:59:29 IST" duration-ms="651" status="PASS">
          <reporter-output>
          </reporter-output>
        </test-method> <!-- bmConfig -->
        <test-method signature="createContactsWithCampaign()[pri:0, instance:ninzaCRM.ContactTests.CreateContactsWithCampaignTest@38afe297]" started-at="2025-06-26T20:59:29 IST" name="createContactsWithCampaign" finished-at="2025-06-26T21:00:00 IST" duration-ms="30683" status="PASS">
          <reporter-output>
          </reporter-output>
        </test-method> <!-- createContactsWithCampaign -->
        <test-method is-config="true" signature="amConfig()[pri:0, instance:ninzaCRM.ContactTests.CreateContactsWithCampaignTest@38afe297]" started-at="2025-06-26T21:00:00 IST" name="amConfig" finished-at="2025-06-26T21:00:05 IST" duration-ms="4932" status="PASS">
          <reporter-output>
          </reporter-output>
        </test-method> <!-- amConfig -->
        <test-method is-config="true" signature="acConfig()[pri:0, instance:ninzaCRM.ContactTests.CreateContactsWithCampaignTest@38afe297]" started-at="2025-06-26T21:00:05 IST" name="acConfig" finished-at="2025-06-26T21:00:05 IST" duration-ms="760" status="PASS">
          <reporter-output>
          </reporter-output>
        </test-method> <!-- acConfig -->
        <test-method is-config="true" signature="asConfig()[pri:0, instance:ninzaCRM.ContactTests.CreateContactsWithCampaignTest@38afe297]" started-at="2025-06-26T21:02:19 IST" name="asConfig" finished-at="2025-06-26T21:02:19 IST" duration-ms="1" status="PASS">
          <reporter-output>
          </reporter-output>
        </test-method> <!-- asConfig -->
      </class> <!-- ninzaCRM.ContactTests.CreateContactsWithCampaignTest -->
    </test> <!-- Test -->
  </suite> <!-- Suite -->
</testng-results>
